  Compiling CUDA source file main.cu...
  
  C:\Users\admin\Desktop\EX3_FangZhihao_GPU\EX3_FangZhihao_GPU>"C:\Program Files\NVIDIA GPU Computing Toolkit\CUDA\v8.0\bin\nvcc.exe" -gencode=arch=compute_20,code=\"sm_20,compute_20\" --use-local-env --cl-version 2015 -ccbin "D:\Program Files (x86)\Microsoft Visual Studio 14.0\VC\bin"  -I"C:\Program Files\NVIDIA GPU Computing Toolkit\CUDA\v8.0\include" -I"C:\Program Files\NVIDIA GPU Computing Toolkit\CUDA\v8.0\include"     --keep-dir Release -maxrregcount=0  --machine 32 --compile -cudart static     -DWIN32 -DNDEBUG -D_CONSOLE -D_MBCS -Xcompiler "/EHsc /W3 /nologo /O2 /FS /Zi  /MD " -o Release\main.cu.obj "C:\Users\admin\Desktop\EX3_FangZhihao_GPU\EX3_FangZhihao_GPU\main.cu" 
c:\program files\nvidia gpu computing toolkit\cuda\v8.0\include\math_functions.h : warning C4819: 该文件包含不能在当前代码页(936)中表示的字符。请将该文件保存为 Unicode 格式以防止数据丢失
c:\program files\nvidia gpu computing toolkit\cuda\v8.0\include\math_functions.h(849): warning C4819: 该文件包含不能在当前代码页(936)中表示的字符。请将该文件保存为 Unicode 格式以防止数据丢失
c:\program files\nvidia gpu computing toolkit\cuda\v8.0\include\math_functions.h(1787): warning C4819: 该文件包含不能在当前代码页(936)中表示的字符。请将该文件保存为 Unicode 格式以防止数据丢失
c:\program files\nvidia gpu computing toolkit\cuda\v8.0\include\math_functions.h(2637): warning C4819: 该文件包含不能在当前代码页(936)中表示的字符。请将该文件保存为 Unicode 格式以防止数据丢失
c:\program files\nvidia gpu computing toolkit\cuda\v8.0\include\math_functions.h(3492): warning C4819: 该文件包含不能在当前代码页(936)中表示的字符。请将该文件保存为 Unicode 格式以防止数据丢失
c:\program files\nvidia gpu computing toolkit\cuda\v8.0\include\math_functions.h(4431): warning C4819: 该文件包含不能在当前代码页(936)中表示的字符。请将该文件保存为 Unicode 格式以防止数据丢失
c:\program files\nvidia gpu computing toolkit\cuda\v8.0\include\math_functions.h(5345): warning C4819: 该文件包含不能在当前代码页(936)中表示的字符。请将该文件保存为 Unicode 格式以防止数据丢失
c:\program files\nvidia gpu computing toolkit\cuda\v8.0\include\math_functions.h(6252): warning C4819: 该文件包含不能在当前代码页(936)中表示的字符。请将该文件保存为 Unicode 格式以防止数据丢失
c:\program files\nvidia gpu computing toolkit\cuda\v8.0\include\math_functions.h(7142): warning C4819: 该文件包含不能在当前代码页(936)中表示的字符。请将该文件保存为 Unicode 格式以防止数据丢失
c:\program files\nvidia gpu computing toolkit\cuda\v8.0\include\math_functions.h(7956): warning C4819: 该文件包含不能在当前代码页(936)中表示的字符。请将该文件保存为 Unicode 格式以防止数据丢失
c:\program files\nvidia gpu computing toolkit\cuda\v8.0\include\device_functions.h : warning C4819: 该文件包含不能在当前代码页(936)中表示的字符。请将该文件保存为 Unicode 格式以防止数据丢失
c:\program files\nvidia gpu computing toolkit\cuda\v8.0\include\device_functions.h(774): warning C4819: 该文件包含不能在当前代码页(936)中表示的字符。请将该文件保存为 Unicode 格式以防止数据丢失
c:\program files\nvidia gpu computing toolkit\cuda\v8.0\include\device_functions.h(1618): warning C4819: 该文件包含不能在当前代码页(936)中表示的字符。请将该文件保存为 Unicode 格式以防止数据丢失
c:\program files\nvidia gpu computing toolkit\cuda\v8.0\include\device_double_functions.h : warning C4819: 该文件包含不能在当前代码页(936)中表示的字符。请将该文件保存为 Unicode 格式以防止数据丢失
c:\program files\nvidia gpu computing toolkit\cuda\v8.0\include\sm_20_intrinsics.h : warning C4819: 该文件包含不能在当前代码页(936)中表示的字符。请将该文件保存为 Unicode 格式以防止数据丢失
c:\program files\nvidia gpu computing toolkit\cuda\v8.0\include\sm_20_intrinsics.h(943): warning C4819: 该文件包含不能在当前代码页(936)中表示的字符。请将该文件保存为 Unicode 格式以防止数据丢失
c:\users\admin\desktop\ex3_fangzhihao_gpu\ex3_fangzhihao_gpu\floating_number_helper.h : warning C4819: 该文件包含不能在当前代码页(936)中表示的字符。请将该文件保存为 Unicode 格式以防止数据丢失
c:\users\admin\desktop\ex3_fangzhihao_gpu\ex3_fangzhihao_gpu\input_output.h : warning C4819: 该文件包含不能在当前代码页(936)中表示的字符。请将该文件保存为 Unicode 格式以防止数据丢失
c:\users\admin\desktop\ex3_fangzhihao_gpu\ex3_fangzhihao_gpu\models.h : warning C4819: 该文件包含不能在当前代码页(936)中表示的字符。请将该文件保存为 Unicode 格式以防止数据丢失
C:/Users/admin/Desktop/EX3_FangZhihao_GPU/EX3_FangZhihao_GPU/main.cu(20): warning C4005: “ERROR”: 宏重定义
c:\program files\nvidia gpu computing toolkit\cuda\v8.0\include\math_functions.h : warning C4819: 该文件包含不能在当前代码页(936)中表示的字符。请将该文件保存为 Unicode 格式以防止数据丢失
c:\program files\nvidia gpu computing toolkit\cuda\v8.0\include\math_functions.h(849): warning C4819: 该文件包含不能在当前代码页(936)中表示的字符。请将该文件保存为 Unicode 格式以防止数据丢失
c:\program files\nvidia gpu computing toolkit\cuda\v8.0\include\math_functions.h(1787): warning C4819: 该文件包含不能在当前代码页(936)中表示的字符。请将该文件保存为 Unicode 格式以防止数据丢失
c:\program files\nvidia gpu computing toolkit\cuda\v8.0\include\math_functions.h(2637): warning C4819: 该文件包含不能在当前代码页(936)中表示的字符。请将该文件保存为 Unicode 格式以防止数据丢失
c:\program files\nvidia gpu computing toolkit\cuda\v8.0\include\math_functions.h(3492): warning C4819: 该文件包含不能在当前代码页(936)中表示的字符。请将该文件保存为 Unicode 格式以防止数据丢失
c:\program files\nvidia gpu computing toolkit\cuda\v8.0\include\math_functions.h(4431): warning C4819: 该文件包含不能在当前代码页(936)中表示的字符。请将该文件保存为 Unicode 格式以防止数据丢失
c:\program files\nvidia gpu computing toolkit\cuda\v8.0\include\math_functions.h(5345): warning C4819: 该文件包含不能在当前代码页(936)中表示的字符。请将该文件保存为 Unicode 格式以防止数据丢失
c:\program files\nvidia gpu computing toolkit\cuda\v8.0\include\math_functions.h(6252): warning C4819: 该文件包含不能在当前代码页(936)中表示的字符。请将该文件保存为 Unicode 格式以防止数据丢失
c:\program files\nvidia gpu computing toolkit\cuda\v8.0\include\math_functions.h(7142): warning C4819: 该文件包含不能在当前代码页(936)中表示的字符。请将该文件保存为 Unicode 格式以防止数据丢失
c:\program files\nvidia gpu computing toolkit\cuda\v8.0\include\math_functions.h(7956): warning C4819: 该文件包含不能在当前代码页(936)中表示的字符。请将该文件保存为 Unicode 格式以防止数据丢失
c:\program files\nvidia gpu computing toolkit\cuda\v8.0\include\device_functions.h : warning C4819: 该文件包含不能在当前代码页(936)中表示的字符。请将该文件保存为 Unicode 格式以防止数据丢失
c:\program files\nvidia gpu computing toolkit\cuda\v8.0\include\device_functions.h(774): warning C4819: 该文件包含不能在当前代码页(936)中表示的字符。请将该文件保存为 Unicode 格式以防止数据丢失
c:\program files\nvidia gpu computing toolkit\cuda\v8.0\include\device_functions.h(1618): warning C4819: 该文件包含不能在当前代码页(936)中表示的字符。请将该文件保存为 Unicode 格式以防止数据丢失
c:\program files\nvidia gpu computing toolkit\cuda\v8.0\include\device_double_functions.h : warning C4819: 该文件包含不能在当前代码页(936)中表示的字符。请将该文件保存为 Unicode 格式以防止数据丢失
c:\program files\nvidia gpu computing toolkit\cuda\v8.0\include\sm_20_intrinsics.h : warning C4819: 该文件包含不能在当前代码页(936)中表示的字符。请将该文件保存为 Unicode 格式以防止数据丢失
c:\program files\nvidia gpu computing toolkit\cuda\v8.0\include\sm_20_intrinsics.h(943): warning C4819: 该文件包含不能在当前代码页(936)中表示的字符。请将该文件保存为 Unicode 格式以防止数据丢失
c:\users\admin\desktop\ex3_fangzhihao_gpu\ex3_fangzhihao_gpu\floating_number_helper.h : warning C4819: 该文件包含不能在当前代码页(936)中表示的字符。请将该文件保存为 Unicode 格式以防止数据丢失
c:\users\admin\desktop\ex3_fangzhihao_gpu\ex3_fangzhihao_gpu\input_output.h : warning C4819: 该文件包含不能在当前代码页(936)中表示的字符。请将该文件保存为 Unicode 格式以防止数据丢失
c:\users\admin\desktop\ex3_fangzhihao_gpu\ex3_fangzhihao_gpu\models.h : warning C4819: 该文件包含不能在当前代码页(936)中表示的字符。请将该文件保存为 Unicode 格式以防止数据丢失
C:/Users/admin/Desktop/EX3_FangZhihao_GPU/EX3_FangZhihao_GPU/main.cu(20): warning C4005: “ERROR”: 宏重定义
c:\program files\nvidia gpu computing toolkit\cuda\v8.0\include\math_functions.h : warning C4819: 该文件包含不能在当前代码页(936)中表示的字符。请将该文件保存为 Unicode 格式以防止数据丢失
c:\program files\nvidia gpu computing toolkit\cuda\v8.0\include\math_functions.h(849): warning C4819: 该文件包含不能在当前代码页(936)中表示的字符。请将该文件保存为 Unicode 格式以防止数据丢失
c:\program files\nvidia gpu computing toolkit\cuda\v8.0\include\math_functions.h(1787): warning C4819: 该文件包含不能在当前代码页(936)中表示的字符。请将该文件保存为 Unicode 格式以防止数据丢失
c:\program files\nvidia gpu computing toolkit\cuda\v8.0\include\math_functions.h(2637): warning C4819: 该文件包含不能在当前代码页(936)中表示的字符。请将该文件保存为 Unicode 格式以防止数据丢失
c:\program files\nvidia gpu computing toolkit\cuda\v8.0\include\math_functions.h(3492): warning C4819: 该文件包含不能在当前代码页(936)中表示的字符。请将该文件保存为 Unicode 格式以防止数据丢失
c:\program files\nvidia gpu computing toolkit\cuda\v8.0\include\math_functions.h(4431): warning C4819: 该文件包含不能在当前代码页(936)中表示的字符。请将该文件保存为 Unicode 格式以防止数据丢失
c:\program files\nvidia gpu computing toolkit\cuda\v8.0\include\math_functions.h(5345): warning C4819: 该文件包含不能在当前代码页(936)中表示的字符。请将该文件保存为 Unicode 格式以防止数据丢失
c:\program files\nvidia gpu computing toolkit\cuda\v8.0\include\math_functions.h(6252): warning C4819: 该文件包含不能在当前代码页(936)中表示的字符。请将该文件保存为 Unicode 格式以防止数据丢失
c:\program files\nvidia gpu computing toolkit\cuda\v8.0\include\math_functions.h(7142): warning C4819: 该文件包含不能在当前代码页(936)中表示的字符。请将该文件保存为 Unicode 格式以防止数据丢失
c:\program files\nvidia gpu computing toolkit\cuda\v8.0\include\math_functions.h(7956): warning C4819: 该文件包含不能在当前代码页(936)中表示的字符。请将该文件保存为 Unicode 格式以防止数据丢失
c:\program files\nvidia gpu computing toolkit\cuda\v8.0\include\math_functions.h : warning C4819: 该文件包含不能在当前代码页(936)中表示的字符。请将该文件保存为 Unicode 格式以防止数据丢失
c:\program files\nvidia gpu computing toolkit\cuda\v8.0\include\math_functions.h(849): warning C4819: 该文件包含不能在当前代码页(936)中表示的字符。请将该文件保存为 Unicode 格式以防止数据丢失
c:\program files\nvidia gpu computing toolkit\cuda\v8.0\include\math_functions.h(1787): warning C4819: 该文件包含不能在当前代码页(936)中表示的字符。请将该文件保存为 Unicode 格式以防止数据丢失
c:\program files\nvidia gpu computing toolkit\cuda\v8.0\include\math_functions.h(2637): warning C4819: 该文件包含不能在当前代码页(936)中表示的字符。请将该文件保存为 Unicode 格式以防止数据丢失
c:\program files\nvidia gpu computing toolkit\cuda\v8.0\include\math_functions.h(3492): warning C4819: 该文件包含不能在当前代码页(936)中表示的字符。请将该文件保存为 Unicode 格式以防止数据丢失
c:\program files\nvidia gpu computing toolkit\cuda\v8.0\include\math_functions.h(4431): warning C4819: 该文件包含不能在当前代码页(936)中表示的字符。请将该文件保存为 Unicode 格式以防止数据丢失
c:\program files\nvidia gpu computing toolkit\cuda\v8.0\include\math_functions.h(5345): warning C4819: 该文件包含不能在当前代码页(936)中表示的字符。请将该文件保存为 Unicode 格式以防止数据丢失
c:\program files\nvidia gpu computing toolkit\cuda\v8.0\include\math_functions.h(6252): warning C4819: 该文件包含不能在当前代码页(936)中表示的字符。请将该文件保存为 Unicode 格式以防止数据丢失
c:\program files\nvidia gpu computing toolkit\cuda\v8.0\include\math_functions.h(7142): warning C4819: 该文件包含不能在当前代码页(936)中表示的字符。请将该文件保存为 Unicode 格式以防止数据丢失
c:\program files\nvidia gpu computing toolkit\cuda\v8.0\include\math_functions.h(7956): warning C4819: 该文件包含不能在当前代码页(936)中表示的字符。请将该文件保存为 Unicode 格式以防止数据丢失
c:\program files\nvidia gpu computing toolkit\cuda\v8.0\include\device_functions_decls.h : warning C4819: 该文件包含不能在当前代码页(936)中表示的字符。请将该文件保存为 Unicode 格式以防止数据丢失
c:\program files\nvidia gpu computing toolkit\cuda\v8.0\include\device_functions_decls.h(910): warning C4819: 该文件包含不能在当前代码页(936)中表示的字符。请将该文件保存为 Unicode 格式以防止数据丢失
c:\program files\nvidia gpu computing toolkit\cuda\v8.0\include\device_functions_decls.h(1903): warning C4819: 该文件包含不能在当前代码页(936)中表示的字符。请将该文件保存为 Unicode 格式以防止数据丢失
c:\program files\nvidia gpu computing toolkit\cuda\v8.0\include\device_functions_decls.h(2843): warning C4819: 该文件包含不能在当前代码页(936)中表示的字符。请将该文件保存为 Unicode 格式以防止数据丢失
c:\program files\nvidia gpu computing toolkit\cuda\v8.0\include\device_functions_decls.h(3779): warning C4819: 该文件包含不能在当前代码页(936)中表示的字符。请将该文件保存为 Unicode 格式以防止数据丢失
c:\program files\nvidia gpu computing toolkit\cuda\v8.0\include\device_functions_decls.h(4721): warning C4819: 该文件包含不能在当前代码页(936)中表示的字符。请将该文件保存为 Unicode 格式以防止数据丢失
c:\program files\nvidia gpu computing toolkit\cuda\v8.0\include\device_functions_decls.h(5723): warning C4819: 该文件包含不能在当前代码页(936)中表示的字符。请将该文件保存为 Unicode 格式以防止数据丢失
c:\program files\nvidia gpu computing toolkit\cuda\v8.0\include\device_functions_decls.h(6682): warning C4819: 该文件包含不能在当前代码页(936)中表示的字符。请将该文件保存为 Unicode 格式以防止数据丢失
c:\program files\nvidia gpu computing toolkit\cuda\v8.0\include\device_functions_decls.h(7610): warning C4819: 该文件包含不能在当前代码页(936)中表示的字符。请将该文件保存为 Unicode 格式以防止数据丢失
c:\program files\nvidia gpu computing toolkit\cuda\v8.0\include\device_functions_decls.h(8543): warning C4819: 该文件包含不能在当前代码页(936)中表示的字符。请将该文件保存为 Unicode 格式以防止数据丢失
c:\program files\nvidia gpu computing toolkit\cuda\v8.0\include\device_functions_decls.h(9413): warning C4819: 该文件包含不能在当前代码页(936)中表示的字符。请将该文件保存为 Unicode 格式以防止数据丢失
c:\program files\nvidia gpu computing toolkit\cuda\v8.0\include\device_functions_decls.h(10391): warning C4819: 该文件包含不能在当前代码页(936)中表示的字符。请将该文件保存为 Unicode 格式以防止数据丢失
c:\program files\nvidia gpu computing toolkit\cuda\v8.0\include\device_functions_decls.h(11435): warning C4819: 该文件包含不能在当前代码页(936)中表示的字符。请将该文件保存为 Unicode 格式以防止数据丢失
c:\program files\nvidia gpu computing toolkit\cuda\v8.0\include\device_functions.h : warning C4819: 该文件包含不能在当前代码页(936)中表示的字符。请将该文件保存为 Unicode 格式以防止数据丢失
c:\program files\nvidia gpu computing toolkit\cuda\v8.0\include\device_functions.h(774): warning C4819: 该文件包含不能在当前代码页(936)中表示的字符。请将该文件保存为 Unicode 格式以防止数据丢失
c:\program files\nvidia gpu computing toolkit\cuda\v8.0\include\device_functions.h(1618): warning C4819: 该文件包含不能在当前代码页(936)中表示的字符。请将该文件保存为 Unicode 格式以防止数据丢失
c:\program files\nvidia gpu computing toolkit\cuda\v8.0\include\device_double_functions.h : warning C4819: 该文件包含不能在当前代码页(936)中表示的字符。请将该文件保存为 Unicode 格式以防止数据丢失
c:\program files\nvidia gpu computing toolkit\cuda\v8.0\include\sm_20_intrinsics.h : warning C4819: 该文件包含不能在当前代码页(936)中表示的字符。请将该文件保存为 Unicode 格式以防止数据丢失
c:\program files\nvidia gpu computing toolkit\cuda\v8.0\include\sm_20_intrinsics.h(943): warning C4819: 该文件包含不能在当前代码页(936)中表示的字符。请将该文件保存为 Unicode 格式以防止数据丢失
c:\program files\nvidia gpu computing toolkit\cuda\v8.0\include\device_functions_decls.h : warning C4819: 该文件包含不能在当前代码页(936)中表示的字符。请将该文件保存为 Unicode 格式以防止数据丢失
c:\program files\nvidia gpu computing toolkit\cuda\v8.0\include\device_functions_decls.h(910): warning C4819: 该文件包含不能在当前代码页(936)中表示的字符。请将该文件保存为 Unicode 格式以防止数据丢失
c:\program files\nvidia gpu computing toolkit\cuda\v8.0\include\device_functions_decls.h(1903): warning C4819: 该文件包含不能在当前代码页(936)中表示的字符。请将该文件保存为 Unicode 格式以防止数据丢失
c:\program files\nvidia gpu computing toolkit\cuda\v8.0\include\device_functions_decls.h(2843): warning C4819: 该文件包含不能在当前代码页(936)中表示的字符。请将该文件保存为 Unicode 格式以防止数据丢失
c:\program files\nvidia gpu computing toolkit\cuda\v8.0\include\device_functions_decls.h(3779): warning C4819: 该文件包含不能在当前代码页(936)中表示的字符。请将该文件保存为 Unicode 格式以防止数据丢失
c:\program files\nvidia gpu computing toolkit\cuda\v8.0\include\device_functions_decls.h(4721): warning C4819: 该文件包含不能在当前代码页(936)中表示的字符。请将该文件保存为 Unicode 格式以防止数据丢失
c:\program files\nvidia gpu computing toolkit\cuda\v8.0\include\device_functions_decls.h(5723): warning C4819: 该文件包含不能在当前代码页(936)中表示的字符。请将该文件保存为 Unicode 格式以防止数据丢失
c:\program files\nvidia gpu computing toolkit\cuda\v8.0\include\device_functions_decls.h(6682): warning C4819: 该文件包含不能在当前代码页(936)中表示的字符。请将该文件保存为 Unicode 格式以防止数据丢失
c:\program files\nvidia gpu computing toolkit\cuda\v8.0\include\device_functions_decls.h(7610): warning C4819: 该文件包含不能在当前代码页(936)中表示的字符。请将该文件保存为 Unicode 格式以防止数据丢失
c:\program files\nvidia gpu computing toolkit\cuda\v8.0\include\device_functions_decls.h(8543): warning C4819: 该文件包含不能在当前代码页(936)中表示的字符。请将该文件保存为 Unicode 格式以防止数据丢失
c:\program files\nvidia gpu computing toolkit\cuda\v8.0\include\device_functions_decls.h(9413): warning C4819: 该文件包含不能在当前代码页(936)中表示的字符。请将该文件保存为 Unicode 格式以防止数据丢失
c:\program files\nvidia gpu computing toolkit\cuda\v8.0\include\device_functions_decls.h(10391): warning C4819: 该文件包含不能在当前代码页(936)中表示的字符。请将该文件保存为 Unicode 格式以防止数据丢失
c:\program files\nvidia gpu computing toolkit\cuda\v8.0\include\device_functions_decls.h(11435): warning C4819: 该文件包含不能在当前代码页(936)中表示的字符。请将该文件保存为 Unicode 格式以防止数据丢失
c:\program files\nvidia gpu computing toolkit\cuda\v8.0\include\device_functions.h : warning C4819: 该文件包含不能在当前代码页(936)中表示的字符。请将该文件保存为 Unicode 格式以防止数据丢失
c:\program files\nvidia gpu computing toolkit\cuda\v8.0\include\device_functions.h(774): warning C4819: 该文件包含不能在当前代码页(936)中表示的字符。请将该文件保存为 Unicode 格式以防止数据丢失
c:\program files\nvidia gpu computing toolkit\cuda\v8.0\include\device_functions.h(1618): warning C4819: 该文件包含不能在当前代码页(936)中表示的字符。请将该文件保存为 Unicode 格式以防止数据丢失
C:\Program Files\NVIDIA GPU Computing Toolkit\CUDA\v8.0\include\thrust/detail/integer_traits.h(43): warning C4819: 该文件包含不能在当前代码页(936)中表示的字符。请将该文件保存为 Unicode 格式以防止数据丢失
c:\program files\nvidia gpu computing toolkit\cuda\v8.0\include\math_functions.h : warning C4819: 该文件包含不能在当前代码页(936)中表示的字符。请将该文件保存为 Unicode 格式以防止数据丢失
c:\program files\nvidia gpu computing toolkit\cuda\v8.0\include\math_functions.h(849): warning C4819: 该文件包含不能在当前代码页(936)中表示的字符。请将该文件保存为 Unicode 格式以防止数据丢失
c:\program files\nvidia gpu computing toolkit\cuda\v8.0\include\math_functions.h(1787): warning C4819: 该文件包含不能在当前代码页(936)中表示的字符。请将该文件保存为 Unicode 格式以防止数据丢失
c:\program files\nvidia gpu computing toolkit\cuda\v8.0\include\math_functions.h(2637): warning C4819: 该文件包含不能在当前代码页(936)中表示的字符。请将该文件保存为 Unicode 格式以防止数据丢失
c:\program files\nvidia gpu computing toolkit\cuda\v8.0\include\math_functions.h(3492): warning C4819: 该文件包含不能在当前代码页(936)中表示的字符。请将该文件保存为 Unicode 格式以防止数据丢失
c:\program files\nvidia gpu computing toolkit\cuda\v8.0\include\math_functions.h(4431): warning C4819: 该文件包含不能在当前代码页(936)中表示的字符。请将该文件保存为 Unicode 格式以防止数据丢失
c:\program files\nvidia gpu computing toolkit\cuda\v8.0\include\math_functions.h(5345): warning C4819: 该文件包含不能在当前代码页(936)中表示的字符。请将该文件保存为 Unicode 格式以防止数据丢失
c:\program files\nvidia gpu computing toolkit\cuda\v8.0\include\math_functions.h(6252): warning C4819: 该文件包含不能在当前代码页(936)中表示的字符。请将该文件保存为 Unicode 格式以防止数据丢失
c:\program files\nvidia gpu computing toolkit\cuda\v8.0\include\math_functions.h(7142): warning C4819: 该文件包含不能在当前代码页(936)中表示的字符。请将该文件保存为 Unicode 格式以防止数据丢失
c:\program files\nvidia gpu computing toolkit\cuda\v8.0\include\math_functions.h(7956): warning C4819: 该文件包含不能在当前代码页(936)中表示的字符。请将该文件保存为 Unicode 格式以防止数据丢失
CUDACOMPILE : nvcc warning : The 'compute_20', 'sm_20', and 'sm_21' architectures are deprecated, and may be removed in a future release (Use -Wno-deprecated-gpu-targets to suppress warning).
  main.cu
C:\Program Files\NVIDIA GPU Computing Toolkit\CUDA\v8.0\include\thrust/detail/allocator/allocator_traits.h(214): warning C4819: 该文件包含不能在当前代码页(936)中表示的字符。请将该文件保存为 Unicode 格式以防止数据丢失
C:/Users/admin/Desktop/EX3_FangZhihao_GPU/EX3_FangZhihao_GPU/main.cu(34): warning C4244: “初始化”: 从“double”转换到“__int64”，可能丢失数据
C:\Program Files\NVIDIA GPU Computing Toolkit\CUDA\v8.0\include\thrust/iterator/iterator_adaptor.h(203): warning C4244: “+=”: 从“__int64”转换到“int”，可能丢失数据
  C:\Program Files\NVIDIA GPU Computing Toolkit\CUDA\v8.0\include\thrust/iterator/iterator_adaptor.h(201): note: 编译类 模板 成员函数“void thrust::iterator_adaptor<thrust::counting_iterator<int,thrust::use_default,thrust::use_default,thrust::use_default>,Incrementable,Incrementable,thrust::any_system_tag,thrust::random_access_traversal_tag,Incrementable,__int64>::advance(__int64)”时
          with
          [
              Incrementable=int
          ]
  C:\Program Files\NVIDIA GPU Computing Toolkit\CUDA\v8.0\include\thrust/iterator/iterator_facade.h(171): note: 参见对正在编译的函数 模板 实例化“void thrust::iterator_adaptor<thrust::counting_iterator<int,thrust::use_default,thrust::use_default,thrust::use_default>,Incrementable,Incrementable,thrust::any_system_tag,thrust::random_access_traversal_tag,Incrementable,__int64>::advance(__int64)”的引用
          with
          [
              Incrementable=int
          ]
  C:\Program Files\NVIDIA GPU Computing Toolkit\CUDA\v8.0\include\thrust/iterator/counting_iterator.h(132): note: 参见对正在编译的类 模板 实例化“thrust::iterator_adaptor<thrust::counting_iterator<int,thrust::use_default,thrust::use_default,thrust::use_default>,Incrementable,Incrementable,thrust::any_system_tag,thrust::random_access_traversal_tag,Incrementable,__int64>”的引用
          with
          [
              Incrementable=int
          ]
  C:\Program Files\NVIDIA GPU Computing Toolkit\CUDA\v8.0\include\thrust/detail/tuple.inl(371): note: 参见对正在编译的类 模板 实例化“thrust::counting_iterator<int,thrust::use_default,thrust::use_default,thrust::use_default>”的引用
  C:\Program Files\NVIDIA GPU Computing Toolkit\CUDA\v8.0\include\thrust/detail/tuple.inl(257): note: 参见对正在编译的类 模板 实例化“thrust::detail::cons<T0,thrust::detail::map_tuple_to_cons<thrust::null_type,thrust::null_type,thrust::null_type,thrust::null_type,thrust::null_type,thrust::null_type,thrust::null_type,thrust::null_type,thrust::null_type,thrust::null_type>::type>”的引用
          with
          [
              T0=thrust::counting_iterator<int,thrust::use_default,thrust::use_default,thrust::use_default>
          ]
  C:\Program Files\NVIDIA GPU Computing Toolkit\CUDA\v8.0\include\thrust/tuple.h(197): note: 参见对正在编译的类 模板 实例化“thrust::detail::cons<T0,thrust::detail::cons<thrust::counting_iterator<int,thrust::use_default,thrust::use_default,thrust::use_default>,thrust::detail::map_tuple_to_cons<thrust::null_type,thrust::null_type,thrust::null_type,thrust::null_type,thrust::null_type,thrust::null_type,thrust::null_type,thrust::null_type,thrust::null_type,thrust::null_type>::type>>”的引用
          with
          [
              T0=thrust::detail::normal_iterator<thrust::device_ptr<double>>
          ]
  C:\Program Files\NVIDIA GPU Computing Toolkit\CUDA\v8.0\include\thrust/tuple.h(90): note: 参见对正在编译的类 模板 实例化“thrust::tuple<thrust::detail::normal_iterator<thrust::device_ptr<T>>,thrust::counting_iterator<int,thrust::use_default,thrust::use_default,thrust::use_default>,thrust::null_type,thrust::null_type,thrust::null_type,thrust::null_type,thrust::null_type,thrust::null_type,thrust::null_type,thrust::null_type>”的引用
          with
          [
              T=double
          ]
  C:\Program Files\NVIDIA GPU Computing Toolkit\CUDA\v8.0\include\thrust/iterator/detail/zip_iterator_base.h(329): note: 参见对正在编译的类 模板 实例化“thrust::tuple_size<Tuple>”的引用
          with
          [
              Tuple=thrust::tuple<thrust::detail::normal_iterator<thrust::device_ptr<double>>,thrust::counting_iterator<int,thrust::use_default,thrust::use_default,thrust::use_default>,thrust::null_type,thrust::null_type,thrust::null_type,thrust::null_type,thrust::null_type,thrust::null_type,thrust::null_type,thrust::null_type>
          ]
  C:\Program Files\NVIDIA GPU Computing Toolkit\CUDA\v8.0\include\thrust/iterator/detail/zip_iterator_base.h(365): note: 参见对正在编译的类 模板 实例化“thrust::detail::zip_iterator_base_ns::tuple_of_iterator_references<IteratorTuple>”的引用
          with
          [
              IteratorTuple=thrust::tuple<thrust::detail::normal_iterator<thrust::device_ptr<double>>,thrust::counting_iterator<int,thrust::use_default,thrust::use_default,thrust::use_default>,thrust::null_type,thrust::null_type,thrust::null_type,thrust::null_type,thrust::null_type,thrust::null_type,thrust::null_type,thrust::null_type>
          ]
  C:\Program Files\NVIDIA GPU Computing Toolkit\CUDA\v8.0\include\thrust/iterator/zip_iterator.h(140): note: 参见对正在编译的类 模板 实例化“thrust::detail::zip_iterator_base<IteratorTuple>”的引用
          with
          [
              IteratorTuple=thrust::tuple<thrust::detail::normal_iterator<thrust::device_ptr<double>>,thrust::counting_iterator<int,thrust::use_default,thrust::use_default,thrust::use_default>,thrust::null_type,thrust::null_type,thrust::null_type,thrust::null_type,thrust::null_type,thrust::null_type,thrust::null_type,thrust::null_type>
          ]
  C:\Program Files\NVIDIA GPU Computing Toolkit\CUDA\v8.0\include\thrust/detail/tuple.inl(256): note: 参见对正在编译的类 模板 实例化“thrust::zip_iterator<thrust::tuple<thrust::detail::normal_iterator<thrust::device_ptr<T>>,thrust::counting_iterator<int,thrust::use_default,thrust::use_default,thrust::use_default>,thrust::null_type,thrust::null_type,thrust::null_type,thrust::null_type,thrust::null_type,thrust::null_type,thrust::null_type,thrust::null_type>>”的引用
          with
          [
              T=double
          ]
  C:\Program Files\NVIDIA GPU Computing Toolkit\CUDA\v8.0\include\thrust/detail/tuple.inl(257): note: 参见对正在编译的类 模板 实例化“thrust::detail::cons<T0,thrust::detail::cons<thrust::system::cuda::detail::uniform_decomposition<int>,thrust::detail::cons<thrust::detail::normal_iterator<thrust::pointer<thrust::tuple<double,int,thrust::null_type,thrust::null_type,thrust::null_type,thrust::null_type,thrust::null_type,thrust::null_type,thrust::null_type,thrust::null_type>,thrust::system::cuda::detail::tag,thrust::use_default,thrust::use_default>>,thrust::detail::cons<thrust::tuple<double,int,thrust::null_type,thrust::null_type,thrust::null_type,thrust::null_type,thrust::null_type,thrust::null_type,thrust::null_type,thrust::null_type>,thrust::detail::cons<thrust::system::detail::generic::detail::max_element_reduction<double,int,thrust::less<double>>,thrust::detail::map_tuple_to_cons<thrust::null_type,thrust::null_type,thrust::null_type,thrust::null_type,thrust::null_type,thrust::null_type,thrust::null_type,thrust::null_type,thrust::null_type,thrust::null_type>::type>>>>>”的引用
          with
          [
              T0=thrust::zip_iterator<thrust::tuple<thrust::detail::normal_iterator<thrust::device_ptr<double>>,thrust::counting_iterator<int,thrust::use_default,thrust::use_default,thrust::use_default>,thrust::null_type,thrust::null_type,thrust::null_type,thrust::null_type,thrust::null_type,thrust::null_type,thrust::null_type,thrust::null_type>>
          ]
  C:\Program Files\NVIDIA GPU Computing Toolkit\CUDA\v8.0\include\thrust/tuple.h(197): note: 参见对正在编译的类 模板 实例化“thrust::detail::cons<T0,thrust::detail::cons<thrust::zip_iterator<thrust::tuple<thrust::detail::normal_iterator<thrust::device_ptr<T>>,thrust::counting_iterator<int,thrust::use_default,thrust::use_default,thrust::use_default>,thrust::null_type,thrust::null_type,thrust::null_type,thrust::null_type,thrust::null_type,thrust::null_type,thrust::null_type,thrust::null_type>>,thrust::detail::cons<thrust::system::cuda::detail::uniform_decomposition<int>,thrust::detail::cons<thrust::detail::normal_iterator<thrust::pointer<thrust::tuple<double,int,thrust::null_type,thrust::null_type,thrust::null_type,thrust::null_type,thrust::null_type,thrust::null_type,thrust::null_type,thrust::null_type>,thrust::system::cuda::detail::tag,thrust::use_default,thrust::use_default>>,thrust::detail::cons<thrust::tuple<double,int,thrust::null_type,thrust::null_type,thrust::null_type,thrust::null_type,thrust::null_type,thrust::null_type,thrust::null_type,thrust::null_type>,thrust::detail::cons<thrust::system::detail::generic::detail::max_element_reduction<double,int,thrust::less<T>>,thrust::detail::map_tuple_to_cons<thrust::null_type,thrust::null_type,thrust::null_type,thrust::null_type,thrust::null_type,thrust::null_type,thrust::null_type,thrust::null_type,thrust::null_type,thrust::null_type>::type>>>>>>”的引用
          with
          [
              T0=thrust::system::cuda::detail::bulk_::detail::cursor<1>,
              T=double
          ]
  C:\Program Files\NVIDIA GPU Computing Toolkit\CUDA\v8.0\include\thrust/system/cuda/detail/bulk/detail/closure.hpp(70): note: 参见对正在编译的类 模板 实例化“thrust::tuple<thrust::system::cuda::detail::bulk_::detail::cursor<1>,thrust::zip_iterator<thrust::tuple<thrust::detail::normal_iterator<thrust::device_ptr<T>>,thrust::counting_iterator<int,thrust::use_default,thrust::use_default,thrust::use_default>,thrust::null_type,thrust::null_type,thrust::null_type,thrust::null_type,thrust::null_type,thrust::null_type,thrust::null_type,thrust::null_type>>,thrust::system::cuda::detail::uniform_decomposition<int>,thrust::detail::normal_iterator<thrust::pointer<thrust::tuple<double,int,thrust::null_type,thrust::null_type,thrust::null_type,thrust::null_type,thrust::null_type,thrust::null_type,thrust::null_type,thrust::null_type>,thrust::system::cuda::detail::tag,thrust::use_default,thrust::use_default>>,thrust::tuple<double,int,thrust::null_type,thrust::null_type,thrust::null_type,thrust::null_type,thrust::null_type,thrust::null_type,thrust::null_type,thrust::null_type>,thrust::system::detail::generic::detail::max_element_reduction<double,int,thrust::less<T>>,thrust::null_type,thrust::null_type,thrust::null_type,thrust::null_type>”的引用
          with
          [
              T=double
          ]
  C:\Program Files\NVIDIA GPU Computing Toolkit\CUDA\v8.0\include\thrust/system/cuda/detail/bulk/detail/cuda_task.hpp(61): note: 参见对正在编译的类 模板 实例化“thrust::system::cuda::detail::bulk_::detail::closure<thrust::system::cuda::detail::reduce_detail::reduce_partitions,thrust::tuple<thrust::system::cuda::detail::bulk_::detail::cursor<1>,thrust::zip_iterator<thrust::tuple<thrust::detail::normal_iterator<thrust::device_ptr<T>>,thrust::counting_iterator<int,thrust::use_default,thrust::use_default,thrust::use_default>,thrust::null_type,thrust::null_type,thrust::null_type,thrust::null_type,thrust::null_type,thrust::null_type,thrust::null_type,thrust::null_type>>,thrust::system::cuda::detail::uniform_decomposition<int>,thrust::detail::normal_iterator<thrust::pointer<thrust::tuple<double,int,thrust::null_type,thrust::null_type,thrust::null_type,thrust::null_type,thrust::null_type,thrust::null_type,thrust::null_type,thrust::null_type>,thrust::system::cuda::detail::tag,thrust::use_default,thrust::use_default>>,thrust::tuple<double,int,thrust::null_type,thrust::null_type,thrust::null_type,thrust::null_type,thrust::null_type,thrust::null_type,thrust::null_type,thrust::null_type>,thrust::system::detail::generic::detail::max_element_reduction<double,int,thrust::less<T>>,thrust::null_type,thrust::null_type,thrust::null_type,thrust::null_type>>”的引用
          with
          [
              T=double
          ]
  C:\Program Files\NVIDIA GPU Computing Toolkit\CUDA\v8.0\include\thrust/system/cuda/detail/bulk/detail/cuda_task.hpp(202): note: 参见对正在编译的类 模板 实例化“thrust::system::cuda::detail::bulk_::detail::task_base<thrust::system::cuda::detail::bulk_::parallel_group<thrust::system::cuda::detail::bulk_::concurrent_group<thrust::system::cuda::detail::bulk_::agent<1>,0>,0>,Closure>”的引用
          with
          [
              Closure=thrust::system::cuda::detail::bulk_::detail::closure<thrust::system::cuda::detail::reduce_detail::reduce_partitions,thrust::tuple<thrust::system::cuda::detail::bulk_::detail::cursor<1>,thrust::zip_iterator<thrust::tuple<thrust::detail::normal_iterator<thrust::device_ptr<double>>,thrust::counting_iterator<int,thrust::use_default,thrust::use_default,thrust::use_default>,thrust::null_type,thrust::null_type,thrust::null_type,thrust::null_type,thrust::null_type,thrust::null_type,thrust::null_type,thrust::null_type>>,thrust::system::cuda::detail::uniform_decomposition<int>,thrust::detail::normal_iterator<thrust::pointer<thrust::tuple<double,int,thrust::null_type,thrust::null_type,thrust::null_type,thrust::null_type,thrust::null_type,thrust::null_type,thrust::null_type,thrust::null_type>,thrust::system::cuda::detail::tag,thrust::use_default,thrust::use_default>>,thrust::tuple<double,int,thrust::null_type,thrust::null_type,thrust::null_type,thrust::null_type,thrust::null_type,thrust::null_type,thrust::null_type,thrust::null_type>,thrust::system::detail::generic::detail::max_element_reduction<double,int,thrust::less<double>>,thrust::null_type,thrust::null_type,thrust::null_type,thrust::null_type>>
          ]
  c:\users\admin\appdata\local\temp\tmpxft_000037b8_00000000-5_main.cudafe1.stub.c(295): note: 参见对正在编译的类 模板 实例化“thrust::system::cuda::detail::bulk_::detail::cuda_task<thrust::system::cuda::detail::bulk_::parallel_group<thrust::system::cuda::detail::bulk_::concurrent_group<thrust::system::cuda::detail::bulk_::agent<1>,0>,0>,thrust::system::cuda::detail::bulk_::detail::closure<thrust::system::cuda::detail::reduce_detail::reduce_partitions,thrust::tuple<thrust::system::cuda::detail::bulk_::detail::cursor<1>,thrust::zip_iterator<thrust::tuple<thrust::detail::normal_iterator<thrust::device_ptr<T>>,thrust::counting_iterator<int,thrust::use_default,thrust::use_default,thrust::use_default>,thrust::null_type,thrust::null_type,thrust::null_type,thrust::null_type,thrust::null_type,thrust::null_type,thrust::null_type,thrust::null_type>>,thrust::system::cuda::detail::uniform_decomposition<int>,thrust::detail::normal_iterator<thrust::pointer<thrust::tuple<double,int,thrust::null_type,thrust::null_type,thrust::null_type,thrust::null_type,thrust::null_type,thrust::null_type,thrust::null_type,thrust::null_type>,thrust::system::cuda::detail::tag,thrust::use_default,thrust::use_default>>,thrust::tuple<double,int,thrust::null_type,thrust::null_type,thrust::null_type,thrust::null_type,thrust::null_type,thrust::null_type,thrust::null_type,thrust::null_type>,thrust::system::detail::generic::detail::max_element_reduction<double,int,thrust::less<T>>,thrust::null_type,thrust::null_type,thrust::null_type,thrust::null_type>>>”的引用
          with
          [
              T=double
          ]
  正在生成代码
  0 of 19 functions ( 0.0%) were compiled, the rest were copied from previous compilation.
    0 functions were new in current compilation
    0 functions had inline decision re-evaluated but remain unchanged
  已完成代码的生成
  EX3_FangZhihao_GPU.vcxproj -> C:\Users\admin\Desktop\EX3_FangZhihao_GPU\Release\EX3_FangZhihao_GPU.exe
  EX3_FangZhihao_GPU.vcxproj -> C:\Users\admin\Desktop\EX3_FangZhihao_GPU\Release\EX3_FangZhihao_GPU.pdb (Full PDB)
  copy "C:\Program Files\NVIDIA GPU Computing Toolkit\CUDA\v8.0\bin\cudart*.dll" "C:\Users\admin\Desktop\EX3_FangZhihao_GPU\Release\"
  C:\Program Files\NVIDIA GPU Computing Toolkit\CUDA\v8.0\bin\cudart32_80.dll
  C:\Program Files\NVIDIA GPU Computing Toolkit\CUDA\v8.0\bin\cudart64_80.dll
  已复制         2 个文件。
